1 10 20
100 200 125
201 210 89
900 1000 174
9139 3221 262
7762 7699 177
4371 2400 238
9394 1222 262
8626 2609 262
8780 1602 262
3656 3821 238
7032 1254 262
2427 5872 238
5289 951 238
7065 2106 262
8210 4553 262
2989 3744 238
8749 5062 262
1183 2770 209
499 322 144
5990 4612 236
4372 6712 262
3363 3765 238
4285 1988 238
2725 9417 262
9942 2732 262
3237 3325 168
337 5663 238
9197 5626 262
2965 2613 217
4083 1174 238
7165 7071 195
1270 2266 183
8484 8804 216
5035 5334 192
5477 7376 262
9946 9849 242
440 3308 217
9965 1076 262
1648 2690 209
492 1589 182
1773 3728 238
4913 2110 238
5743 461 238
7735 8707 252
3074 1817 217
6233 238 262
8887 7502 252
8855 3723 262
2657 241 209
9056 8134 247
7617 9001 252
7982 4408 262
8661 4298 262
5483 308 238
3339 5975 238
8248 5112 262
6054 3160 238
7221 1796 262
3621 4955 238
6855 3046 262
3123 3087 186
9635 8361 260
588 8490 262
2083 9596 262
8730 1139 262
7729 2698 262
6491 2062 262
3457 1503 217
6360 8940 257
8162 9698 260
1266 6409 262
4809 3671 238
5921 8381 262
5467 5893 236
9687 2321 262
8938 2809 262
1759 4924 238
1170 8698 262
3413 9604 262
8293 8495 234
742 6022 238
7544 3585 262
4435 1001 238
1439 794 182
6292 9601 260
6844 3909 262
6009 8004 262
7579 1929 262
6385 9397 260
4173 6071 236
8069 3110 262
5232 9827 262
8034 6401 257
8524 7798 252
6004 6817 262
2644 3098 217
9190 6540 257
3034 3624 199
7540 4472 262
770 183 171
